<?xml version="1.0" encoding="UTF-8"?>
<testsuite xmlns:xsi="http://www.w3.org/2001/XMLSchema-instance" xsi:noNamespaceSchemaLocation="https://maven.apache.org/surefire/maven-surefire-plugin/xsd/surefire-test-report.xsd" name="talendtestcase.copydata_0_1.copytest_0_1.copyTestTest" time="0.159" tests="2" errors="0" skipped="0" failures="0">
  <properties>
    <property name="java.runtime.name" value="OpenJDK Runtime Environment"/>
    <property name="sun.boot.library.path" value="/usr/lib/jvm/java-8-openjdk-amd64/jre/lib/amd64"/>
    <property name="java.vm.version" value="25.232-b09"/>
    <property name="updatesite.path" value="http://192.168.0.102:8082/P2/"/>
    <property name="cloud.publisher.screenshot" value="true"/>
    <property name="java.vm.vendor" value="Private Build"/>
    <property name="maven.multiModuleProjectDirectory" value="/mnt/c/Talendlocal/Talend-Studio-20190620_1446-V7.2.1/workspace/TALENDTESTCASE/poms"/>
    <property name="java.vendor.url" value="http://java.oracle.com/"/>
    <property name="service.password" value="chaitu@5B7"/>
    <property name="path.separator" value=":"/>
    <property name="guice.disable.misplaced.annotation.check" value="true"/>
    <property name="java.vm.name" value="OpenJDK 64-Bit Server VM"/>
    <property name="file.encoding.pkg" value="sun.io"/>
    <property name="sun.java.launcher" value="SUN_STANDARD"/>
    <property name="sun.os.patch.level" value="unknown"/>
    <property name="service.username" value="mansoorahmed.shaik@mail.nissan.co.jp"/>
    <property name="java.vm.specification.name" value="Java Virtual Machine Specification"/>
    <property name="user.dir" value="/mnt/c/Talendlocal/Talend-Studio-20190620_1446-V7.2.1/workspace"/>
    <property name="generation.type" value="local"/>
    <property name="java.runtime.version" value="1.8.0_232-8u232-b09-0ubuntu1~18.04.1-b09"/>
    <property name="java.awt.graphicsenv" value="sun.awt.X11GraphicsEnvironment"/>
    <property name="java.endorsed.dirs" value="/usr/lib/jvm/java-8-openjdk-amd64/jre/lib/endorsed"/>
    <property name="os.arch" value="amd64"/>
    <property name="java.io.tmpdir" value="/tmp"/>
    <property name="line.separator" value="&#10;"/>
    <property name="java.vm.specification.vendor" value="Oracle Corporation"/>
    <property name="os.name" value="Linux"/>
    <property name="classworlds.conf" value="/root/maven/apache-maven-3.6.2/bin/m2.conf"/>
    <property name="sun.jnu.encoding" value="UTF-8"/>
    <property name="java.library.path" value="/usr/java/packages/lib/amd64:/usr/lib/x86_64-linux-gnu/jni:/lib/x86_64-linux-gnu:/usr/lib/x86_64-linux-gnu:/usr/lib/jni:/lib:/usr/lib"/>
    <property name="maven.conf" value="/root/maven/apache-maven-3.6.2/conf"/>
    <property name="java.specification.name" value="Java Platform API Specification"/>
    <property name="java.class.version" value="52.0"/>
    <property name="sun.management.compiler" value="HotSpot 64-Bit Tiered Compilers"/>
    <property name="os.version" value="4.4.0-17134-Microsoft"/>
    <property name="library.jansi.path" value="/root/maven/apache-maven-3.6.2/lib/jansi-native"/>
    <property name="user.home" value="/root"/>
    <property name="user.timezone" value="GMT"/>
    <property name="java.awt.printerjob" value="sun.print.PSPrinterJob"/>
    <property name="java.specification.version" value="1.8"/>
    <property name="file.encoding" value="UTF-8"/>
    <property name="user.name" value="root"/>
    <property name="java.class.path" value="/root/maven/apache-maven-3.6.2/boot/plexus-classworlds-2.6.0.jar"/>
    <property name="java.vm.specification.version" value="1.8"/>
    <property name="sun.arch.data.model" value="64"/>
    <property name="java.home" value="/usr/lib/jvm/java-8-openjdk-amd64/jre"/>
    <property name="sun.java.command" value="org.codehaus.plexus.classworlds.launcher.Launcher -s /root/.m2/settings.xml -f TALENDTESTCASE/poms/pom.xml -D generation.type=local -D updatesite.path=http://192.168.0.102:8082/P2/ -D license.path=/mnt/c/Talendlocal/remote.license -Dservice.url=https://tmc.ap.cloud.talend.com/inventory/ -Dcloud.publisher.environment=TALEND_CICD_TEST -Dcloud.publisher.workspace=TALENDCICDTEST -Dservice.username=mansoorahmed.shaik@mail.nissan.co.jp -Dservice.password=chaitu@5B7 -Dcloud.publisher.screenshot=true clean -Pcloud-publisher deploy"/>
    <property name="service.url" value="https://tmc.ap.cloud.talend.com/inventory/"/>
    <property name="java.specification.vendor" value="Oracle Corporation"/>
    <property name="user.language" value="en"/>
    <property name="cloud.publisher.environment" value="TALEND_CICD_TEST"/>
    <property name="awt.toolkit" value="sun.awt.X11.XToolkit"/>
    <property name="java.vm.info" value="mixed mode"/>
    <property name="java.version" value="1.8.0_232"/>
    <property name="java.ext.dirs" value="/usr/lib/jvm/java-8-openjdk-amd64/jre/lib/ext:/usr/java/packages/lib/ext"/>
    <property name="securerandom.source" value="file:/dev/./urandom"/>
    <property name="sun.boot.class.path" value="/usr/lib/jvm/java-8-openjdk-amd64/jre/lib/resources.jar:/usr/lib/jvm/java-8-openjdk-amd64/jre/lib/rt.jar:/usr/lib/jvm/java-8-openjdk-amd64/jre/lib/sunrsasign.jar:/usr/lib/jvm/java-8-openjdk-amd64/jre/lib/jsse.jar:/usr/lib/jvm/java-8-openjdk-amd64/jre/lib/jce.jar:/usr/lib/jvm/java-8-openjdk-amd64/jre/lib/charsets.jar:/usr/lib/jvm/java-8-openjdk-amd64/jre/lib/jfr.jar:/usr/lib/jvm/java-8-openjdk-amd64/jre/classes"/>
    <property name="java.vendor" value="Private Build"/>
    <property name="maven.home" value="/root/maven/apache-maven-3.6.2"/>
    <property name="license.path" value="/mnt/c/Talendlocal/remote.license"/>
    <property name="file.separator" value="/"/>
    <property name="cloud.publisher.workspace" value="TALENDCICDTEST"/>
    <property name="java.vendor.url.bug" value="http://bugreport.sun.com/bugreport/"/>
    <property name="sun.cpu.endian" value="little"/>
    <property name="sun.io.unicode.encoding" value="UnicodeLittle"/>
    <property name="sun.cpu.isalist" value=""/>
  </properties>
  <testcase name="talendtestcase.copydata_0_1.copytest_0_1.copyTestTest.testDefault" classname="talendtestcase.copydata_0_1.copytest_0_1.copyTestTest" time="0.131"/>
  <testcase name="talendtestcase.copydata_0_1.copytest_0_1.copyTestTest.testTest_Instance__1" classname="talendtestcase.copydata_0_1.copytest_0_1.copyTestTest" time="0.014"/>
</testsuite>